<?xml version="1.0" encoding="UTF-8"?>
<testsuite name="com.dicoding.subintermidiatesatu.view.main.MainViewModelTest" tests="2" skipped="0" failures="0" errors="0" timestamp="2024-05-23T12:56:03" hostname="REYHAN-AFIF-F" time="0.337">
  <properties/>
  <testcase name="when Get Story Empty Should Return No Data" classname="com.dicoding.subintermidiatesatu.view.main.MainViewModelTest" time="0.33"/>
  <testcase name="when Get Story Should Not Null and Return Data" classname="com.dicoding.subintermidiatesatu.view.main.MainViewModelTest" time="0.006"/>
  <system-out><![CDATA[]]></system-out>
  <system-err><![CDATA[]]></system-err>
</testsuite>
